[2020-05-11T13:57:09.510] [DEBUG] cheese - login => username:admin,password:123456
[2020-05-11T13:57:09.511] [DEBUG] cheese - admin
[2020-05-11T13:57:09.528] [DEBUG] cheese - null
[2020-05-11T13:57:09.529] [DEBUG] cheese - null
[2020-05-12T12:54:02.876] [DEBUG] cheese - login => username:admin,password:123456
[2020-05-12T12:54:02.878] [DEBUG] cheese - admin
[2020-05-12T12:54:02.924] [DEBUG] cheese - null
[2020-05-12T12:54:02.925] [DEBUG] cheese - null
[2020-05-12T12:55:42.280] [DEBUG] cheese - login => username:admin,password:123456
[2020-05-12T12:55:42.280] [DEBUG] cheese - admin
[2020-05-12T12:55:42.283] [DEBUG] cheese - null
[2020-05-12T12:55:42.283] [DEBUG] cheese - null
[2020-05-12T12:57:31.054] [DEBUG] cheese - login => username:admin,password:123456
[2020-05-12T12:57:31.054] [DEBUG] cheese - admin
[2020-05-12T12:57:31.057] [DEBUG] cheese - null
[2020-05-12T12:57:31.057] [DEBUG] cheese - null
[2020-05-12T13:18:19.743] [DEBUG] cheese - login => username:admin1,password:123456
[2020-05-12T13:18:19.743] [DEBUG] cheese - admin1
[2020-05-12T13:18:19.746] [DEBUG] cheese - null
[2020-05-12T13:18:19.746] [DEBUG] cheese - null
[2020-05-12T13:18:29.542] [DEBUG] cheese - login => username:admin,password:12345612
[2020-05-12T13:18:29.542] [DEBUG] cheese - admin
[2020-05-12T13:18:29.546] [DEBUG] cheese - null
[2020-05-12T13:18:29.546] [DEBUG] cheese - null
[2020-05-12T13:21:20.675] [DEBUG] cheese - login => username:admin21,password:123456
[2020-05-12T13:21:20.675] [DEBUG] cheese - admin21
[2020-05-12T13:21:20.677] [DEBUG] cheese - null
[2020-05-12T13:21:20.677] [DEBUG] cheese - null
[2020-05-12T13:21:22.933] [DEBUG] cheese - login => username:admin21,password:123456
[2020-05-12T13:21:22.933] [DEBUG] cheese - admin21
[2020-05-12T13:21:22.936] [DEBUG] cheese - null
[2020-05-12T13:21:22.936] [DEBUG] cheese - null
[2020-05-12T13:21:24.845] [DEBUG] cheese - login => username:admin,password:123456
[2020-05-12T13:21:24.845] [DEBUG] cheese - admin
[2020-05-12T13:21:24.848] [DEBUG] cheese - null
[2020-05-12T13:21:24.848] [DEBUG] cheese - null
[2020-05-12T13:21:53.975] [DEBUG] cheese - login => username:admin12,password:123456
[2020-05-12T13:21:53.975] [DEBUG] cheese - admin12
[2020-05-12T13:21:53.977] [DEBUG] cheese - null
[2020-05-12T13:21:53.977] [DEBUG] cheese - null
[2020-05-12T13:21:54.867] [DEBUG] cheese - login => username:admin12,password:123456
[2020-05-12T13:21:54.867] [DEBUG] cheese - admin12
[2020-05-12T13:21:54.870] [DEBUG] cheese - null
[2020-05-12T13:21:54.870] [DEBUG] cheese - null
[2020-05-12T13:21:56.535] [DEBUG] cheese - login => username:admin12,password:12345612
[2020-05-12T13:21:56.535] [DEBUG] cheese - admin12
[2020-05-12T13:21:56.538] [DEBUG] cheese - null
[2020-05-12T13:21:56.538] [DEBUG] cheese - null
[2020-05-12T13:23:12.500] [DEBUG] cheese - login => username:admin21,password:123456
[2020-05-12T13:23:12.500] [DEBUG] cheese - admin21
[2020-05-12T13:23:12.502] [DEBUG] cheese - null
[2020-05-12T13:23:12.502] [DEBUG] cheese - null
[2020-05-12T13:33:54.798] [DEBUG] cheese - login => username:admin,password:123456
[2020-05-12T13:33:54.798] [DEBUG] cheese - admin
[2020-05-12T13:33:54.802] [DEBUG] cheese - null
[2020-05-12T13:33:54.802] [DEBUG] cheese - null
[2020-05-12T13:34:15.650] [DEBUG] cheese - login => username:admin,password:1234561212
[2020-05-12T13:34:15.650] [DEBUG] cheese - admin
[2020-05-12T13:34:15.655] [DEBUG] cheese - null
[2020-05-12T13:34:15.655] [DEBUG] cheese - null
[2020-05-12T13:34:52.408] [DEBUG] cheese - login => username:admin,password:123456
[2020-05-12T13:34:52.408] [DEBUG] cheese - admin
[2020-05-12T13:34:52.411] [DEBUG] cheese - null
[2020-05-12T13:34:52.411] [DEBUG] cheese - null
[2020-05-12T13:35:14.817] [DEBUG] cheese - login => username:admin,password:123456
[2020-05-12T13:35:14.818] [DEBUG] cheese - admin
[2020-05-12T13:35:14.820] [DEBUG] cheese - null
[2020-05-12T13:35:14.820] [DEBUG] cheese - null
[2020-05-12T14:15:37.858] [DEBUG] cheese - login => username:admin,password:123456
[2020-05-12T14:15:37.861] [DEBUG] cheese - admin
[2020-05-12T14:15:37.989] [DEBUG] cheese - null
[2020-05-12T14:15:37.989] [DEBUG] cheese - null
[2020-05-12T14:21:18.916] [DEBUG] cheese - login => username:admin,password:123456
[2020-05-12T14:21:18.916] [DEBUG] cheese - admin
[2020-05-12T14:21:18.924] [DEBUG] cheese - null
[2020-05-12T14:21:18.924] [DEBUG] cheese - null
[2020-05-12T14:23:33.367] [DEBUG] cheese - login => username:admin,password:123456
[2020-05-12T14:23:33.367] [DEBUG] cheese - admin
[2020-05-12T14:23:33.369] [DEBUG] cheese - null
[2020-05-12T14:23:33.370] [DEBUG] cheese - null
[2020-05-12T14:33:36.069] [DEBUG] cheese - login => username:admin,password:123456
[2020-05-12T14:33:36.069] [DEBUG] cheese - admin
[2020-05-12T14:33:36.072] [DEBUG] cheese - null
[2020-05-12T14:33:36.072] [DEBUG] cheese - null
[2020-05-12T15:33:43.413] [DEBUG] cheese - login => username:admin,password:123456
[2020-05-12T15:33:43.414] [DEBUG] cheese - admin
[2020-05-12T15:33:43.422] [DEBUG] cheese - null
[2020-05-12T15:33:43.422] [DEBUG] cheese - null
[2020-05-12T15:46:06.306] [DEBUG] cheese - login => username:admin,password:123456
[2020-05-12T15:46:06.306] [DEBUG] cheese - admin
[2020-05-12T15:46:06.310] [DEBUG] cheese - null
[2020-05-12T15:46:06.310] [DEBUG] cheese - null
[2020-05-12T15:56:07.163] [DEBUG] cheese - login => username:admin,password:123456
[2020-05-12T15:56:07.163] [DEBUG] cheese - admin
[2020-05-12T15:56:07.165] [DEBUG] cheese - null
[2020-05-12T15:56:07.165] [DEBUG] cheese - null
[2020-05-12T15:58:06.823] [DEBUG] cheese - login => username:admin,password:123456
[2020-05-12T15:58:06.823] [DEBUG] cheese - admin
[2020-05-12T15:58:06.826] [DEBUG] cheese - null
[2020-05-12T15:58:06.826] [DEBUG] cheese - null
[2020-05-12T16:06:23.894] [DEBUG] cheese - login => username:admin,password:123456
[2020-05-12T16:06:23.896] [DEBUG] cheese - admin
[2020-05-12T16:06:23.909] [DEBUG] cheese - null
[2020-05-12T16:06:23.910] [DEBUG] cheese - null
[2020-05-12T16:07:24.557] [DEBUG] cheese - login => username:admin,password:123456
[2020-05-12T16:07:24.557] [DEBUG] cheese - admin
[2020-05-12T16:07:24.561] [DEBUG] cheese - null
[2020-05-12T16:07:24.561] [DEBUG] cheese - null
[2020-05-12T16:45:49.188] [DEBUG] cheese - login => username:admin,password:123456
[2020-05-12T16:45:49.189] [DEBUG] cheese - admin
[2020-05-12T16:45:49.195] [DEBUG] cheese - null
[2020-05-12T16:45:49.195] [DEBUG] cheese - null
[2020-05-12T16:47:17.904] [DEBUG] cheese - login => username:admin,password:123456
[2020-05-12T16:47:17.904] [DEBUG] cheese - admin
[2020-05-12T16:47:17.907] [DEBUG] cheese - null
[2020-05-12T16:47:17.907] [DEBUG] cheese - null
[2020-05-12T16:54:08.205] [DEBUG] cheese - login => username:admin,password:123456
[2020-05-12T16:54:08.205] [DEBUG] cheese - admin
[2020-05-12T16:54:08.207] [DEBUG] cheese - null
[2020-05-12T16:54:08.207] [DEBUG] cheese - null
[2020-05-12T17:34:05.973] [DEBUG] cheese - login => username:admin,password:123456
[2020-05-12T17:34:05.973] [DEBUG] cheese - admin
[2020-05-12T17:34:05.977] [DEBUG] cheese - null
[2020-05-12T17:34:05.977] [DEBUG] cheese - null
[2020-05-12T17:38:08.488] [DEBUG] cheese - login => username:admin,password:123456
[2020-05-12T17:38:08.488] [DEBUG] cheese - admin
[2020-05-12T17:38:08.491] [DEBUG] cheese - null
[2020-05-12T17:38:08.491] [DEBUG] cheese - null
[2020-05-12T17:38:10.842] [DEBUG] cheese - login => username:admin,password:123456
[2020-05-12T17:38:10.842] [DEBUG] cheese - admin
[2020-05-12T17:38:10.845] [DEBUG] cheese - null
[2020-05-12T17:38:10.845] [DEBUG] cheese - null
[2020-05-12T18:24:31.366] [DEBUG] cheese - login => username:admin,password:123456
[2020-05-12T18:24:31.366] [DEBUG] cheese - admin
[2020-05-12T18:24:31.370] [DEBUG] cheese - null
[2020-05-12T18:24:31.370] [DEBUG] cheese - null
[2020-05-13T13:41:15.604] [DEBUG] cheese - login => username:admin,password:123456
[2020-05-13T13:41:15.606] [DEBUG] cheese - admin
[2020-05-13T13:41:15.738] [DEBUG] cheese - null
[2020-05-13T13:41:15.738] [DEBUG] cheese - null
[2020-05-13T14:35:33.826] [DEBUG] cheese - login => username:admin,password:123456
[2020-05-13T14:35:33.828] [DEBUG] cheese - admin
[2020-05-13T14:35:33.835] [DEBUG] cheese - null
[2020-05-13T14:35:33.835] [DEBUG] cheese - null
[2020-05-13T14:35:41.495] [DEBUG] cheese - login => username:admin,password:123456
[2020-05-13T14:35:41.495] [DEBUG] cheese - admin
[2020-05-13T14:35:41.498] [DEBUG] cheese - null
[2020-05-13T14:35:41.498] [DEBUG] cheese - null
[2020-05-13T22:25:30.422] [DEBUG] cheese - login => username:admin,password:123456
[2020-05-13T22:25:30.423] [DEBUG] cheese - admin
[2020-05-13T22:25:30.470] [DEBUG] cheese - null
[2020-05-13T22:25:30.470] [DEBUG] cheese - null
[2020-05-14T12:17:30.768] [DEBUG] cheese - login => username:admin,password:123456
[2020-05-14T12:17:30.769] [DEBUG] cheese - admin
[2020-05-14T12:17:30.835] [DEBUG] cheese - null
[2020-05-14T12:17:30.836] [DEBUG] cheese - null
[2020-05-14T23:29:55.346] [DEBUG] cheese - null
[2020-05-14T23:32:56.054] [DEBUG] cheese - null
[2020-05-14T23:33:02.548] [DEBUG] cheese - null
[2020-05-15T12:04:48.899] [DEBUG] cheese - login => username:admin,password:123456
[2020-05-15T12:04:48.903] [DEBUG] cheese - admin
[2020-05-15T12:04:48.962] [DEBUG] cheese - null
[2020-05-15T12:04:48.962] [DEBUG] cheese - null
[2020-05-15T13:40:43.865] [DEBUG] cheese - null
[2020-05-15T13:41:13.553] [DEBUG] cheese - null
[2020-05-15T20:29:58.098] [DEBUG] cheese - login => username:admin,password:123456
[2020-05-15T20:29:58.100] [DEBUG] cheese - admin
[2020-05-15T20:29:58.104] [DEBUG] cheese - null
[2020-05-15T20:29:58.105] [DEBUG] cheese - null
[2020-05-15T20:30:21.472] [DEBUG] cheese - login => username:黄振荣,password:z123456
[2020-05-15T20:30:21.472] [DEBUG] cheese - 黄振荣
[2020-05-15T20:30:21.475] [DEBUG] cheese - null
[2020-05-15T20:30:21.475] [DEBUG] cheese - null
[2020-05-15T20:30:23.795] [DEBUG] cheese - login => username:黄振荣,password:z123456.
[2020-05-15T20:30:23.795] [DEBUG] cheese - 黄振荣
[2020-05-15T20:30:23.798] [DEBUG] cheese - null
[2020-05-15T20:30:23.798] [DEBUG] cheese - null
[2020-05-15T20:30:31.688] [DEBUG] cheese - login => username:黄振荣,password:z123456.
[2020-05-15T20:30:31.688] [DEBUG] cheese - 黄振荣
[2020-05-15T20:30:31.689] [DEBUG] cheese - null
[2020-05-15T20:30:31.689] [DEBUG] cheese - null
[2020-05-15T20:33:21.822] [DEBUG] cheese - login => username:admin,password:123456
[2020-05-15T20:33:21.822] [DEBUG] cheese - admin
[2020-05-15T20:33:21.825] [DEBUG] cheese - null
[2020-05-15T20:33:21.825] [DEBUG] cheese - null
[2020-05-15T20:34:01.982] [DEBUG] cheese - login => username:123,password:123456
[2020-05-15T20:34:01.982] [DEBUG] cheese - 123
[2020-05-15T20:34:01.985] [DEBUG] cheese - null
[2020-05-15T20:34:01.985] [DEBUG] cheese - null
[2020-05-15T20:34:11.338] [DEBUG] cheese - login => username:123,password:123456
[2020-05-15T20:34:11.338] [DEBUG] cheese - 123
[2020-05-15T20:34:11.341] [DEBUG] cheese - null
[2020-05-15T20:34:11.341] [DEBUG] cheese - null
[2020-05-15T20:34:15.272] [DEBUG] cheese - login => username:admin,password:123456
[2020-05-15T20:34:15.272] [DEBUG] cheese - admin
[2020-05-15T20:34:15.274] [DEBUG] cheese - null
[2020-05-15T20:34:15.275] [DEBUG] cheese - null
[2020-05-15T21:53:55.313] [DEBUG] cheese - login => username:admin,password:123456
[2020-05-15T21:53:55.314] [DEBUG] cheese - admin
[2020-05-15T21:53:55.376] [DEBUG] cheese - null
[2020-05-15T21:53:55.377] [DEBUG] cheese - null
[2020-05-16T11:00:38.243] [DEBUG] cheese - login => username:admin,password:123456
[2020-05-16T11:00:38.245] [DEBUG] cheese - admin
[2020-05-16T11:00:38.307] [DEBUG] cheese - null
[2020-05-16T11:00:38.307] [DEBUG] cheese - null
[2020-05-17T12:53:49.478] [DEBUG] cheese - login => username:admin,password:123456
[2020-05-17T12:53:49.480] [DEBUG] cheese - admin
[2020-05-17T12:53:49.515] [DEBUG] cheese - null
[2020-05-17T12:53:49.516] [DEBUG] cheese - null
[2020-05-18T12:19:48.338] [DEBUG] cheese - login => username:admin,password:123456
[2020-05-18T12:19:48.341] [DEBUG] cheese - admin
[2020-05-18T12:19:48.397] [DEBUG] cheese - null
[2020-05-18T12:19:48.398] [DEBUG] cheese - null
[2020-05-19T11:32:06.829] [DEBUG] cheese - login => username:admin,password:123456
[2020-05-19T11:32:06.832] [DEBUG] cheese - admin
[2020-05-19T11:32:06.891] [DEBUG] cheese - null
[2020-05-19T11:32:06.891] [DEBUG] cheese - null
[2020-05-19T17:34:11.945] [DEBUG] cheese - login => username:admin,password:123456
[2020-05-19T17:34:11.947] [DEBUG] cheese - admin
[2020-05-19T17:34:11.983] [DEBUG] cheese - null
[2020-05-19T17:34:11.984] [DEBUG] cheese - null
[2020-05-19T18:10:51.539] [DEBUG] cheese - null
[2020-05-19T19:19:24.197] [DEBUG] cheese - login => username:admin,password:123456
[2020-05-19T19:19:24.198] [DEBUG] cheese - admin
[2020-05-19T19:19:24.204] [DEBUG] cheese - null
[2020-05-19T19:19:24.204] [DEBUG] cheese - null
[2020-05-19T19:42:54.337] [DEBUG] cheese - login => username:admin,password:123456
[2020-05-19T19:42:54.337] [DEBUG] cheese - admin
[2020-05-19T19:42:54.342] [DEBUG] cheese - null
[2020-05-19T19:42:54.342] [DEBUG] cheese - null
[2020-05-20T11:11:42.611] [DEBUG] cheese - login => username:admin,password:123456
[2020-05-20T11:11:42.613] [DEBUG] cheese - admin
[2020-05-20T11:11:42.664] [DEBUG] cheese - null
[2020-05-20T11:11:42.665] [DEBUG] cheese - null
[2020-05-21T18:56:44.161] [DEBUG] cheese - login => username:admin,password:123456
[2020-05-21T18:56:44.163] [DEBUG] cheese - admin
[2020-05-21T18:56:44.223] [DEBUG] cheese - null
[2020-05-21T18:56:44.224] [DEBUG] cheese - null
[2020-05-27T13:22:59.014] [DEBUG] cheese - login => username:admin,password:123456
[2020-05-27T13:22:59.016] [DEBUG] cheese - admin
[2020-05-27T13:22:59.068] [DEBUG] cheese - null
[2020-05-27T13:22:59.069] [DEBUG] cheese - null
[2020-05-29T18:41:32.483] [DEBUG] cheese - login => username:admin,password:123456
[2020-05-29T18:41:32.485] [DEBUG] cheese - admin
[2020-05-29T18:41:32.535] [DEBUG] cheese - null
[2020-05-29T18:41:32.536] [DEBUG] cheese - null
[2020-05-30T12:54:53.080] [DEBUG] cheese - login => username:admin,password:123456
[2020-05-30T12:54:53.084] [DEBUG] cheese - admin
[2020-05-30T12:54:53.136] [DEBUG] cheese - null
[2020-05-30T12:54:53.137] [DEBUG] cheese - null
[2020-06-01T17:47:37.999] [DEBUG] cheese - login => username:admin,password:123456
[2020-06-01T17:47:38.000] [DEBUG] cheese - admin
[2020-06-01T17:47:38.046] [DEBUG] cheese - null
[2020-06-01T17:47:38.047] [DEBUG] cheese - null
[2020-06-01T17:47:47.679] [DEBUG] cheese - login => username:admin,password:123456
[2020-06-01T17:47:47.680] [DEBUG] cheese - admin
[2020-06-01T17:47:47.684] [DEBUG] cheese - null
[2020-06-01T17:47:47.685] [DEBUG] cheese - null
[2020-06-01T18:29:01.141] [DEBUG] cheese - login => username:admin,password:123456
[2020-06-01T18:29:01.143] [DEBUG] cheese - admin
[2020-06-01T18:29:01.148] [DEBUG] cheese - null
[2020-06-01T18:29:01.148] [DEBUG] cheese - null
[2020-06-01T18:31:44.512] [DEBUG] cheese - login => username:admin,password:123456
[2020-06-01T18:31:44.512] [DEBUG] cheese - admin
[2020-06-01T18:31:44.514] [DEBUG] cheese - null
[2020-06-01T18:31:44.514] [DEBUG] cheese - null
